Started GET "/api-docs/index.html" for 127.0.0.1 at 2020-09-19 20:15:31 +0400
  [1m[35m (0.5ms)[0m  [1m[34mSELECT "schema_migrations"."version" FROM "schema_migrations" ORDER BY "schema_migrations"."version" ASC[0m
  ↳ /home/buka/.rvm/gems/ruby-2.6.5/gems/activerecord-5.2.1/lib/active_record/log_subscriber.rb:98
Started GET "/api-docs/swagger-ui.css" for 127.0.0.1 at 2020-09-19 20:15:31 +0400
Started GET "/api-docs/swagger-ui-standalone-preset.js" for 127.0.0.1 at 2020-09-19 20:15:31 +0400
Started GET "/api-docs/swagger-ui-bundle.js" for 127.0.0.1 at 2020-09-19 20:15:31 +0400
Started GET "/api-docs/v1/swagger.json" for 127.0.0.1 at 2020-09-19 20:15:32 +0400
Started GET "/api-docs/favicon-32x32.png" for 127.0.0.1 at 2020-09-19 20:15:32 +0400
  [1m[36mProductType Load (39.6ms)[0m  [1m[34mSELECT  "product_types".* FROM "product_types" ORDER BY "product_types"."id" DESC LIMIT $1[0m  [["LIMIT", 1]]
  [1m[36mProductType Load (0.4ms)[0m  [1m[34mSELECT  "product_types".* FROM "product_types" ORDER BY "product_types"."id" DESC LIMIT $1[0m  [["LIMIT", 1]]
  [1m[35m (0.2ms)[0m  [1m[34mSELECT pg_try_advisory_lock(2027190067205577435)[0m
  ↳ bin/rails:9
  [1m[35m (0.5ms)[0m  [1m[34mSELECT "schema_migrations"."version" FROM "schema_migrations" ORDER BY "schema_migrations"."version" ASC[0m
  ↳ bin/rails:9
Migrating to RemoveFilledTypes (20200919162956)
  [1m[35m (0.2ms)[0m  [1m[35mBEGIN[0m
  ↳ bin/rails:9
  [1m[36mProductType Destroy (0.5ms)[0m  [1m[31mDELETE FROM "product_types" WHERE "product_types"."id_name" IN ($1, $2, $3)[0m  [["id_name", "catalog_product"], ["id_name", "service"], ["id_name", "working_hour"]]
  ↳ db/migrate/20200919162956_remove_filled_types.rb:3
  [1m[36mActiveRecord::SchemaMigration Create (0.3ms)[0m  [1m[32mINSERT INTO "schema_migrations" ("version") VALUES ($1) RETURNING "version"[0m  [["version", "20200919162956"]]
  ↳ bin/rails:9
  [1m[35m (3.5ms)[0m  [1m[35mCOMMIT[0m
  ↳ bin/rails:9
Migrating to AddAndChangeProductTypeTable (20200919163118)
  [1m[35m (0.1ms)[0m  [1m[35mBEGIN[0m
  ↳ bin/rails:9
  [1m[35m (5.7ms)[0m  [1m[35mALTER TABLE "product_types" ALTER COLUMN "name" TYPE json[0m
  ↳ db/migrate/20200919163118_add_and_change_product_type_table.rb:3
  [1m[35m (0.2ms)[0m  [1m[31mROLLBACK[0m
  ↳ bin/rails:9
  [1m[35m (0.2ms)[0m  [1m[34mSELECT pg_advisory_unlock(2027190067205577435)[0m
  ↳ bin/rails:9
  [1m[35m (0.2ms)[0m  [1m[34mSELECT pg_try_advisory_lock(2027190067205577435)[0m
  ↳ bin/rails:9
  [1m[35m (0.4ms)[0m  [1m[34mSELECT "schema_migrations"."version" FROM "schema_migrations" ORDER BY "schema_migrations"."version" ASC[0m
  ↳ bin/rails:9
Migrating to AddAndChangeProductTypeTable (20200919163118)
  [1m[35m (0.1ms)[0m  [1m[35mBEGIN[0m
  ↳ bin/rails:9
  [1m[35m (66.6ms)[0m  [1m[35mALTER TABLE "product_types" ALTER COLUMN "name" TYPE json USING name::json[0m
  ↳ db/migrate/20200919163118_add_and_change_product_type_table.rb:3
  [1m[35m (0.9ms)[0m  [1m[31mROLLBACK[0m
  ↳ bin/rails:9
  [1m[35m (0.5ms)[0m  [1m[34mSELECT pg_advisory_unlock(2027190067205577435)[0m
  ↳ bin/rails:9
  [1m[35m (0.2ms)[0m  [1m[34mSELECT pg_try_advisory_lock(2027190067205577435)[0m
  ↳ bin/rails:9
  [1m[35m (0.4ms)[0m  [1m[34mSELECT "schema_migrations"."version" FROM "schema_migrations" ORDER BY "schema_migrations"."version" ASC[0m
  ↳ bin/rails:9
Migrating to AddAndChangeProductTypeTable (20200919163118)
  [1m[35m (0.1ms)[0m  [1m[35mBEGIN[0m
  ↳ bin/rails:9
  [1m[35m (46.3ms)[0m  [1m[35mALTER TABLE "product_types" ALTER COLUMN "name" TYPE json USING name::json[0m
  ↳ db/migrate/20200919163118_add_and_change_product_type_table.rb:3
  [1m[35m (2.9ms)[0m  [1m[35mALTER TABLE "product_types" ADD "active" boolean DEFAULT TRUE[0m
  ↳ db/migrate/20200919163118_add_and_change_product_type_table.rb:4
  [1m[36mActiveRecord::SchemaMigration Create (0.5ms)[0m  [1m[32mINSERT INTO "schema_migrations" ("version") VALUES ($1) RETURNING "version"[0m  [["version", "20200919163118"]]
  ↳ bin/rails:9
  [1m[35m (1.5ms)[0m  [1m[35mCOMMIT[0m
  ↳ bin/rails:9
  [1m[36mActiveRecord::InternalMetadata Load (1.4ms)[0m  [1m[34mSELECT  "ar_internal_metadata".* FROM "ar_internal_metadata" WHERE "ar_internal_metadata"."key" = $1 LIMIT $2[0m  [["key", "environment"], ["LIMIT", 1]]
  ↳ bin/rails:9
  [1m[35m (0.2ms)[0m  [1m[35mBEGIN[0m
  ↳ bin/rails:9
  [1m[35m (0.2ms)[0m  [1m[35mCOMMIT[0m
  ↳ bin/rails:9
  [1m[35m (0.3ms)[0m  [1m[34mSELECT pg_advisory_unlock(2027190067205577435)[0m
  ↳ bin/rails:9
  [1m[35m (0.4ms)[0m  [1m[34mSELECT "schema_migrations"."version" FROM "schema_migrations" ORDER BY "schema_migrations"."version" ASC[0m
  ↳ bin/rails:9
  [1m[35m (0.7ms)[0m  [1m[34mSELECT "schema_migrations"."version" FROM "schema_migrations" ORDER BY "schema_migrations"."version" ASC[0m
  ↳ spec/rails_helper.rb:34
Started GET "/api-docs/index.html" for 127.0.0.1 at 2020-09-19 21:08:06 +0400
  [1m[35m (0.6ms)[0m  [1m[34mSELECT "schema_migrations"."version" FROM "schema_migrations" ORDER BY "schema_migrations"."version" ASC[0m
  ↳ /home/buka/.rvm/gems/ruby-2.6.5/gems/activerecord-5.2.1/lib/active_record/log_subscriber.rb:98
Started GET "/api-docs/swagger-ui.css" for 127.0.0.1 at 2020-09-19 21:08:06 +0400
Started GET "/api-docs/swagger-ui-bundle.js" for 127.0.0.1 at 2020-09-19 21:08:06 +0400
Started GET "/api-docs/swagger-ui-standalone-preset.js" for 127.0.0.1 at 2020-09-19 21:08:06 +0400
Started GET "/api-docs/v1/swagger.json" for 127.0.0.1 at 2020-09-19 21:08:07 +0400
Started GET "/api-docs/favicon-32x32.png" for 127.0.0.1 at 2020-09-19 21:08:07 +0400
Started POST "/en/product_types" for 127.0.0.1 at 2020-09-19 21:10:28 +0400
Processing by ProductTypesController#create as JSON
  Parameters: {"name"=>{"no"=>"aba1", "en"=>"aba1"}, "active"=>true, "locale"=>"en", "product_type"=>{"name"=>{"no"=>"aba1", "en"=>"aba1"}, "active"=>true}}
Unpermitted parameters: :format, :locale, :product_type
  [1m[35m (0.2ms)[0m  [1m[35mBEGIN[0m
  ↳ app/services/products/product_type_service.rb:29
  [1m[36mProductType Create (3.6ms)[0m  [1m[32mINSERT INTO "product_types" ("name", "id_name") VALUES ($1, $2) RETURNING "id"[0m  [["name", "{\"no\":\"aba1\",\"en\":\"aba1\"}"], ["id_name", "aba1"]]
  ↳ app/services/products/product_type_service.rb:29
  [1m[35m (2.5ms)[0m  [1m[35mCOMMIT[0m
  ↳ app/services/products/product_type_service.rb:29
Completed 201 Created in 114ms (Views: 0.2ms | ActiveRecord: 10.9ms)


Started PUT "/en/product_types" for 127.0.0.1 at 2020-09-19 21:11:01 +0400
Processing by ProductTypesController#update as JSON
  Parameters: {"id"=>4, "name"=>{"no"=>"aba 2", "en"=>"aba 2"}, "active"=>true, "locale"=>"en", "product_type"=>{"id"=>4, "name"=>{"no"=>"aba 2", "en"=>"aba 2"}, "active"=>true}}
Unpermitted parameters: :format, :locale, :product_type
  [1m[36mProductType Load (0.3ms)[0m  [1m[34mSELECT  "product_types".* FROM "product_types" WHERE "product_types"."id" = $1 LIMIT $2[0m  [["id", 4], ["LIMIT", 1]]
  ↳ app/services/products/product_type_service.rb:59
  [1m[35m (0.1ms)[0m  [1m[35mBEGIN[0m
  ↳ app/services/products/product_type_service.rb:38
  [1m[36mProductType Update (0.3ms)[0m  [1m[33mUPDATE "product_types" SET "name" = $1 WHERE "product_types"."id" = $2[0m  [["name", "{\"no\":\"aba 2\",\"en\":\"aba 2\"}"], ["id", 4]]
  ↳ app/services/products/product_type_service.rb:38
  [1m[35m (2.3ms)[0m  [1m[35mCOMMIT[0m
  ↳ app/services/products/product_type_service.rb:38
Completed 200 OK in 24ms (Views: 0.1ms | ActiveRecord: 9.8ms)


Started DELETE "/en/product_types?id=4" for 127.0.0.1 at 2020-09-19 21:11:15 +0400
Processing by ProductTypesController#destroy as JSON
  Parameters: {"id"=>"4", "locale"=>"en"}
Unpermitted parameters: :format, :locale
  [1m[36mProductType Load (0.2ms)[0m  [1m[34mSELECT  "product_types".* FROM "product_types" WHERE "product_types"."id" = $1 LIMIT $2[0m  [["id", 4], ["LIMIT", 1]]
  ↳ app/services/products/product_type_service.rb:59
  [1m[35m (0.1ms)[0m  [1m[35mBEGIN[0m
  ↳ app/services/products/product_type_service.rb:46
  [1m[36mProductType Destroy (0.2ms)[0m  [1m[31mDELETE FROM "product_types" WHERE "product_types"."id" = $1[0m  [["id", 4]]
  ↳ app/services/products/product_type_service.rb:46
  [1m[35m (36.0ms)[0m  [1m[35mCOMMIT[0m
  ↳ app/services/products/product_type_service.rb:46
Completed 200 OK in 39ms (Views: 0.3ms | ActiveRecord: 36.6ms)


Started GET "/en/product_types/product_type_list" for 127.0.0.1 at 2020-09-19 21:12:20 +0400
Processing by ProductTypesController#list as JSON
  Parameters: {"locale"=>"en"}
Filter chain halted as :validate_authentication rendered or redirected
Completed 401 Unauthorized in 6ms (Views: 0.4ms | ActiveRecord: 0.0ms)


Started GET "/en/product_types/product_type_list" for 127.0.0.1 at 2020-09-19 21:12:32 +0400
Processing by ProductTypesController#list as JSON
  Parameters: {"locale"=>"en"}
Unpermitted parameters: :format, :locale
Completed 500 Internal Server Error in 2ms (ActiveRecord: 0.0ms)


  
NoMethodError (undefined method `empty?' for nil:NilClass):
  
app/services/products/product_type_service.rb:52:in `list'
app/controllers/product_types_controller.rb:28:in `list'
Started GET "/en/product_types/product_type_list" for 127.0.0.1 at 2020-09-19 21:13:02 +0400
Processing by ProductTypesController#list as JSON
  Parameters: {"locale"=>"en"}
Unpermitted parameters: :format, :locale
Completed 404 Not Found in 4ms (Views: 0.2ms | ActiveRecord: 0.0ms)


Started GET "/en/product_types/product_type_list" for 127.0.0.1 at 2020-09-19 21:13:27 +0400
Processing by ProductTypesController#list as JSON
  Parameters: {"locale"=>"en"}
Unpermitted parameters: :format, :locale
  [1m[36mProductType Load (0.3ms)[0m  [1m[34mSELECT "product_types".* FROM "product_types"[0m
  ↳ app/services/products/product_type_service.rb:23
Completed 200 OK in 5ms (Views: 0.1ms | ActiveRecord: 1.1ms)


  [1m[35m (0.7ms)[0m  [1m[34mSELECT "schema_migrations"."version" FROM "schema_migrations" ORDER BY "schema_migrations"."version" ASC[0m
  ↳ spec/rails_helper.rb:34
Started GET "/api-docs/index.html" for 127.0.0.1 at 2020-09-20 01:59:24 +0400
Started GET "/api-docs/swagger-ui.css" for 127.0.0.1 at 2020-09-20 01:59:24 +0400
Started GET "/api-docs/swagger-ui-standalone-preset.js" for 127.0.0.1 at 2020-09-20 01:59:24 +0400
Started GET "/api-docs/swagger-ui-bundle.js" for 127.0.0.1 at 2020-09-20 01:59:24 +0400
Started GET "/api-docs/v1/swagger.json" for 127.0.0.1 at 2020-09-20 01:59:25 +0400
Started GET "/api-docs/favicon-32x32.png" for 127.0.0.1 at 2020-09-20 01:59:25 +0400
  [1m[35m (1.1ms)[0m  [1m[34mSELECT "schema_migrations"."version" FROM "schema_migrations" ORDER BY "schema_migrations"."version" ASC[0m
  ↳ spec/rails_helper.rb:34
  [1m[35m (0.6ms)[0m  [1m[34mSELECT "schema_migrations"."version" FROM "schema_migrations" ORDER BY "schema_migrations"."version" ASC[0m
  ↳ spec/rails_helper.rb:34
  [1m[36mProductType Load (1.1ms)[0m  [1m[34mSELECT "product_types".* FROM "product_types"[0m
  [1m[36mProductType Load (0.8ms)[0m  [1m[34mSELECT  "product_types".* FROM "product_types" ORDER BY "product_types"."id" DESC LIMIT $1[0m  [["LIMIT", 1]]
  [1m[35m (0.6ms)[0m  [1m[34mSELECT "schema_migrations"."version" FROM "schema_migrations" ORDER BY "schema_migrations"."version" ASC[0m
  ↳ spec/rails_helper.rb:34
Started GET "/api-docs/index.html" for ::1 at 2020-09-21 17:12:55 +0400
  [1m[35m (0.8ms)[0m  [1m[34mSELECT "schema_migrations"."version" FROM "schema_migrations" ORDER BY "schema_migrations"."version" ASC[0m
  ↳ /home/buka/.rvm/gems/ruby-2.6.5/gems/activerecord-5.2.1/lib/active_record/log_subscriber.rb:98
Started GET "/api-docs/swagger-ui-standalone-preset.js" for ::1 at 2020-09-21 17:12:56 +0400
Started GET "/api-docs/swagger-ui.css" for ::1 at 2020-09-21 17:12:56 +0400
Started GET "/api-docs/swagger-ui-bundle.js" for ::1 at 2020-09-21 17:12:56 +0400
Started GET "/api-docs/v1/swagger.json" for ::1 at 2020-09-21 17:12:56 +0400
Started GET "/api-docs/favicon-32x32.png" for ::1 at 2020-09-21 17:12:57 +0400
Started GET "/en/categories/category_list" for ::1 at 2020-09-21 17:13:09 +0400
Processing by CategoriesController#list as JSON
  Parameters: {"locale"=>"en"}
Unpermitted parameters: :format, :locale
  [1m[36mCategory Exists (0.4ms)[0m  [1m[34mSELECT  1 AS one FROM "categories" LIMIT $1[0m  [["LIMIT", 1]]
  ↳ app/services/category_sub_categories/categories_service.rb:52
  [1m[36mCategory Load (0.2ms)[0m  [1m[34mSELECT "categories".* FROM "categories"[0m
  ↳ app/services/category_sub_categories/categories_service.rb:22
Completed 200 OK in 25ms (Views: 0.3ms | ActiveRecord: 8.2ms)


  [1m[35m (0.5ms)[0m  [1m[34mSELECT "schema_migrations"."version" FROM "schema_migrations" ORDER BY "schema_migrations"."version" ASC[0m
  ↳ spec/rails_helper.rb:34
Started GET "/api-docs/index.html" for ::1 at 2020-09-21 17:14:06 +0400
  [1m[35m (0.5ms)[0m  [1m[34mSELECT "schema_migrations"."version" FROM "schema_migrations" ORDER BY "schema_migrations"."version" ASC[0m
  ↳ /home/buka/.rvm/gems/ruby-2.6.5/gems/activerecord-5.2.1/lib/active_record/log_subscriber.rb:98
Started GET "/api-docs/swagger-ui.css" for ::1 at 2020-09-21 17:14:06 +0400
Started GET "/api-docs/swagger-ui-bundle.js" for ::1 at 2020-09-21 17:14:06 +0400
Started GET "/api-docs/swagger-ui-standalone-preset.js" for ::1 at 2020-09-21 17:14:06 +0400
Started GET "/api-docs/v1/swagger.json" for ::1 at 2020-09-21 17:14:07 +0400
Started GET "/api-docs/favicon-32x32.png" for ::1 at 2020-09-21 17:14:07 +0400
Started GET "/%7Blocale%7D/categories/category_list" for ::1 at 2020-09-21 17:14:14 +0400
Processing by CategoriesController#list as JSON
  Parameters: {"locale"=>"{locale}"}
Completed 500 Internal Server Error in 0ms (ActiveRecord: 0.0ms)


  
I18n::InvalidLocale ("{locale}" is not a valid locale):
  
app/controllers/application_controller.rb:8:in `set_locale'
  [1m[35m (0.5ms)[0m  [1m[34mSELECT "schema_migrations"."version" FROM "schema_migrations" ORDER BY "schema_migrations"."version" ASC[0m
  ↳ spec/rails_helper.rb:34
Started GET "/api-docs/index.html" for ::1 at 2020-09-21 17:17:55 +0400
  [1m[35m (0.7ms)[0m  [1m[34mSELECT "schema_migrations"."version" FROM "schema_migrations" ORDER BY "schema_migrations"."version" ASC[0m
  ↳ /home/buka/.rvm/gems/ruby-2.6.5/gems/activerecord-5.2.1/lib/active_record/log_subscriber.rb:98
Started GET "/api-docs/swagger-ui.css" for ::1 at 2020-09-21 17:17:55 +0400
Started GET "/api-docs/swagger-ui-bundle.js" for ::1 at 2020-09-21 17:17:55 +0400
Started GET "/api-docs/swagger-ui-standalone-preset.js" for ::1 at 2020-09-21 17:17:55 +0400
Started GET "/api-docs/v1/swagger.json" for ::1 at 2020-09-21 17:17:55 +0400
Started GET "/api-docs/favicon-32x32.png" for ::1 at 2020-09-21 17:17:55 +0400
Started GET "/en/categories/category_list" for ::1 at 2020-09-21 17:18:09 +0400
Processing by CategoriesController#list as JSON
  Parameters: {"locale"=>"en"}
Unpermitted parameters: :format, :locale
  [1m[36mCategory Exists (0.5ms)[0m  [1m[34mSELECT  1 AS one FROM "categories" LIMIT $1[0m  [["LIMIT", 1]]
  ↳ app/services/category_sub_categories/categories_service.rb:52
  [1m[36mCategory Load (0.3ms)[0m  [1m[34mSELECT "categories".* FROM "categories"[0m
  ↳ app/services/category_sub_categories/categories_service.rb:22
Completed 200 OK in 15ms (Views: 0.3ms | ActiveRecord: 5.4ms)


Started GET "/no/categories/category_list" for ::1 at 2020-09-21 17:18:17 +0400
Processing by CategoriesController#list as JSON
  Parameters: {"locale"=>"no"}
Unpermitted parameters: :format, :locale
  [1m[36mCategory Exists (0.3ms)[0m  [1m[34mSELECT  1 AS one FROM "categories" LIMIT $1[0m  [["LIMIT", 1]]
  ↳ app/services/category_sub_categories/categories_service.rb:52
  [1m[36mCategory Load (0.1ms)[0m  [1m[34mSELECT "categories".* FROM "categories"[0m
  ↳ app/services/category_sub_categories/categories_service.rb:22
Completed 200 OK in 2ms (Views: 0.2ms | ActiveRecord: 0.4ms)


Started PUT "/en/categories" for ::1 at 2020-09-21 17:19:08 +0400
Processing by CategoriesController#update as JSON
  Parameters: {"id"=>1, "name"=>"buka", "locale"=>"en", "category"=>{"id"=>1, "name"=>"buka"}}
Unpermitted parameter: :name
  [1m[36mCategory Load (0.2ms)[0m  [1m[34mSELECT  "categories".* FROM "categories" WHERE "categories"."id" = $1 LIMIT $2[0m  [["id", 1], ["LIMIT", 1]]
  ↳ app/services/category_sub_categories/categories_service.rb:58
  [1m[35m (0.1ms)[0m  [1m[35mBEGIN[0m
  ↳ app/services/category_sub_categories/categories_service.rb:37
  [1m[35m (0.1ms)[0m  [1m[35mCOMMIT[0m
  ↳ app/services/category_sub_categories/categories_service.rb:37
Completed 200 OK in 44ms (Views: 0.1ms | ActiveRecord: 0.6ms)


Started GET "/no/categories/category_list" for ::1 at 2020-09-21 17:19:22 +0400
Processing by CategoriesController#list as JSON
  Parameters: {"locale"=>"no"}
Unpermitted parameters: :format, :locale
  [1m[36mCategory Exists (0.2ms)[0m  [1m[34mSELECT  1 AS one FROM "categories" LIMIT $1[0m  [["LIMIT", 1]]
  ↳ app/services/category_sub_categories/categories_service.rb:52
  [1m[36mCategory Load (0.1ms)[0m  [1m[34mSELECT "categories".* FROM "categories"[0m
  ↳ app/services/category_sub_categories/categories_service.rb:22
Completed 200 OK in 2ms (Views: 0.2ms | ActiveRecord: 0.3ms)


Started GET "/en/categories/category_list" for ::1 at 2020-09-21 17:19:30 +0400
Processing by CategoriesController#list as JSON
  Parameters: {"locale"=>"en"}
Unpermitted parameters: :format, :locale
  [1m[36mCategory Exists (0.3ms)[0m  [1m[34mSELECT  1 AS one FROM "categories" LIMIT $1[0m  [["LIMIT", 1]]
  ↳ app/services/category_sub_categories/categories_service.rb:52
  [1m[36mCategory Load (0.2ms)[0m  [1m[34mSELECT "categories".* FROM "categories"[0m
  ↳ app/services/category_sub_categories/categories_service.rb:22
Completed 200 OK in 2ms (Views: 0.2ms | ActiveRecord: 0.5ms)


Started GET "/en/categories/category_list" for ::1 at 2020-09-21 17:24:34 +0400
Processing by CategoriesController#list as JSON
  Parameters: {"locale"=>"en"}
Unpermitted parameters: :format, :locale
  [1m[36mCategory Exists (0.2ms)[0m  [1m[34mSELECT  1 AS one FROM "categories" LIMIT $1[0m  [["LIMIT", 1]]
  ↳ app/services/category_sub_categories/categories_service.rb:52
  [1m[36mCategory Load (0.2ms)[0m  [1m[34mSELECT "categories".* FROM "categories"[0m
  ↳ app/services/category_sub_categories/categories_service.rb:22
Completed 200 OK in 2ms (Views: 0.2ms | ActiveRecord: 0.5ms)


Started PUT "/en/categories" for ::1 at 2020-09-21 17:43:53 +0400
Processing by CategoriesController#update as JSON
  Parameters: {"id"=>1, "name"=>{"en"=>"buka"}, "locale"=>"en", "category"=>{"id"=>1, "name"=>{"en"=>"buka"}}}
  [1m[36mCategory Load (0.5ms)[0m  [1m[34mSELECT  "categories".* FROM "categories" WHERE "categories"."id" = $1 LIMIT $2[0m  [["id", 1], ["LIMIT", 1]]
  ↳ app/services/category_sub_categories/categories_service.rb:58
  [1m[35m (0.1ms)[0m  [1m[35mBEGIN[0m
  ↳ app/services/category_sub_categories/categories_service.rb:37
  [1m[36mCategory Update (5.8ms)[0m  [1m[33mUPDATE "categories" SET "name" = $1 WHERE "categories"."id" = $2[0m  [["name", "{\"en\":\"buka\"}"], ["id", 1]]
  ↳ app/services/category_sub_categories/categories_service.rb:37
  [1m[35m (0.9ms)[0m  [1m[35mCOMMIT[0m
  ↳ app/services/category_sub_categories/categories_service.rb:37
Completed 200 OK in 11ms (Views: 0.2ms | ActiveRecord: 7.4ms)


Started GET "/en/categories/category_list" for ::1 at 2020-09-21 17:43:58 +0400
Processing by CategoriesController#list as JSON
  Parameters: {"locale"=>"en"}
Unpermitted parameters: :format, :locale
  [1m[36mCategory Exists (0.2ms)[0m  [1m[34mSELECT  1 AS one FROM "categories" LIMIT $1[0m  [["LIMIT", 1]]
  ↳ app/services/category_sub_categories/categories_service.rb:52
  [1m[36mCategory Load (0.1ms)[0m  [1m[34mSELECT "categories".* FROM "categories"[0m
  ↳ app/services/category_sub_categories/categories_service.rb:22
Completed 200 OK in 2ms (Views: 0.2ms | ActiveRecord: 0.3ms)


Started GET "/no/categories/category_list" for ::1 at 2020-09-21 17:44:05 +0400
Processing by CategoriesController#list as JSON
  Parameters: {"locale"=>"no"}
Unpermitted parameters: :format, :locale
  [1m[36mCategory Exists (0.2ms)[0m  [1m[34mSELECT  1 AS one FROM "categories" LIMIT $1[0m  [["LIMIT", 1]]
  ↳ app/services/category_sub_categories/categories_service.rb:52
  [1m[36mCategory Load (0.1ms)[0m  [1m[34mSELECT "categories".* FROM "categories"[0m
  ↳ app/services/category_sub_categories/categories_service.rb:22
Completed 200 OK in 2ms (Views: 0.2ms | ActiveRecord: 0.3ms)


Started PUT "/en/categories" for ::1 at 2020-09-21 17:44:54 +0400
Processing by CategoriesController#update as JSON
  Parameters: {"id"=>1, "name"=>{"en"=>"buka"}, "locale"=>"en", "category"=>{"id"=>1, "name"=>{"en"=>"buka"}}}
  [1m[36mCategory Load (0.9ms)[0m  [1m[34mSELECT  "categories".* FROM "categories" WHERE "categories"."id" = $1 LIMIT $2[0m  [["id", 1], ["LIMIT", 1]]
  ↳ app/services/category_sub_categories/categories_service.rb:59
  [1m[36mCategory Load (0.8ms)[0m  [1m[34mSELECT  "categories".* FROM "categories" ORDER BY "categories"."id" DESC LIMIT $1[0m  [["LIMIT", 1]]
  ↳ (pry):18
  [1m[36mCACHE Category Load (0.0ms)[0m  [1m[34mSELECT  "categories".* FROM "categories" ORDER BY "categories"."id" DESC LIMIT $1[0m  [["LIMIT", 1]]
  ↳ (pry):19
  [1m[36mCACHE Category Load (0.0ms)[0m  [1m[34mSELECT  "categories".* FROM "categories" WHERE "categories"."id" = $1 LIMIT $2[0m  [["id", 1], ["LIMIT", 1]]
  ↳ app/services/category_sub_categories/categories_service.rb:59
  [1m[35m (0.2ms)[0m  [1m[35mBEGIN[0m
  ↳ app/services/category_sub_categories/categories_service.rb:38
  [1m[36mCategory Update (0.3ms)[0m  [1m[33mUPDATE "categories" SET "name" = $1 WHERE "categories"."id" = $2[0m  [["name", "{\"en\":\"buka\",\"no\":\"change_1\"}"], ["id", 1]]
  ↳ app/services/category_sub_categories/categories_service.rb:38
  [1m[35m (35.9ms)[0m  [1m[35mCOMMIT[0m
  ↳ app/services/category_sub_categories/categories_service.rb:38
Completed 200 OK in 595557ms (Views: 0.2ms | ActiveRecord: 47.4ms)


Started GET "/no/categories/category_list" for ::1 at 2020-09-21 17:55:34 +0400
Processing by CategoriesController#list as JSON
  Parameters: {"locale"=>"no"}
Unpermitted parameters: :format, :locale
  [1m[36mCategory Exists (0.2ms)[0m  [1m[34mSELECT  1 AS one FROM "categories" LIMIT $1[0m  [["LIMIT", 1]]
  ↳ app/services/category_sub_categories/categories_service.rb:54
  [1m[36mCategory Load (0.2ms)[0m  [1m[34mSELECT "categories".* FROM "categories"[0m
  ↳ app/services/category_sub_categories/categories_service.rb:22
Completed 200 OK in 12ms (Views: 0.4ms | ActiveRecord: 3.6ms)


Started PUT "/en/categories" for ::1 at 2020-09-21 17:55:48 +0400
Processing by CategoriesController#update as JSON
  Parameters: {"id"=>2, "name"=>{"en"=>"buka"}, "locale"=>"en", "category"=>{"id"=>2, "name"=>{"en"=>"buka"}}}
  [1m[36mCategory Load (1.0ms)[0m  [1m[34mSELECT  "categories".* FROM "categories" WHERE "categories"."id" = $1 LIMIT $2[0m  [["id", 2], ["LIMIT", 1]]
  ↳ app/services/category_sub_categories/categories_service.rb:67
  [1m[35m (0.4ms)[0m  [1m[35mBEGIN[0m
  ↳ app/services/category_sub_categories/categories_service.rb:39
  [1m[36mCategory Update (1.0ms)[0m  [1m[33mUPDATE "categories" SET "name" = $1 WHERE "categories"."id" = $2[0m  [["name", "{\"en\":\"buka\",\"no\":\"category_no 2\"}"], ["id", 2]]
  ↳ app/services/category_sub_categories/categories_service.rb:39
  [1m[35m (36.2ms)[0m  [1m[35mCOMMIT[0m
  ↳ app/services/category_sub_categories/categories_service.rb:39
Completed 200 OK in 6373ms (Views: 0.6ms | ActiveRecord: 38.7ms)


Started GET "/no/categories/category_list" for ::1 at 2020-09-21 17:56:05 +0400
Processing by CategoriesController#list as JSON
  Parameters: {"locale"=>"no"}
Unpermitted parameters: :format, :locale
  [1m[36mCategory Exists (0.2ms)[0m  [1m[34mSELECT  1 AS one FROM "categories" LIMIT $1[0m  [["LIMIT", 1]]
  ↳ app/services/category_sub_categories/categories_service.rb:54
  [1m[36mCategory Load (0.1ms)[0m  [1m[34mSELECT "categories".* FROM "categories"[0m
  ↳ app/services/category_sub_categories/categories_service.rb:22
Completed 200 OK in 2ms (Views: 0.2ms | ActiveRecord: 0.3ms)


Started GET "/en/categories/category_list" for ::1 at 2020-09-21 17:56:17 +0400
Processing by CategoriesController#list as JSON
  Parameters: {"locale"=>"en"}
Unpermitted parameters: :format, :locale
  [1m[36mCategory Exists (0.3ms)[0m  [1m[34mSELECT  1 AS one FROM "categories" LIMIT $1[0m  [["LIMIT", 1]]
  ↳ app/services/category_sub_categories/categories_service.rb:54
  [1m[36mCategory Load (0.2ms)[0m  [1m[34mSELECT "categories".* FROM "categories"[0m
  ↳ app/services/category_sub_categories/categories_service.rb:22
Completed 200 OK in 2ms (Views: 0.2ms | ActiveRecord: 0.5ms)


Started GET "/api-docs/index.html" for 127.0.0.1 at 2020-09-21 23:53:31 +0400
  [1m[35m (1.9ms)[0m  [1m[34mSELECT "schema_migrations"."version" FROM "schema_migrations" ORDER BY "schema_migrations"."version" ASC[0m
  ↳ /home/buka/.rvm/gems/ruby-2.6.5/gems/activerecord-5.2.1/lib/active_record/log_subscriber.rb:98
Started GET "/api-docs/swagger-ui-bundle.js" for 127.0.0.1 at 2020-09-21 23:53:31 +0400
Started GET "/api-docs/swagger-ui.css" for 127.0.0.1 at 2020-09-21 23:53:31 +0400
Started GET "/api-docs/swagger-ui-standalone-preset.js" for 127.0.0.1 at 2020-09-21 23:53:31 +0400
Started GET "/api-docs/v1/swagger.json" for 127.0.0.1 at 2020-09-21 23:53:32 +0400
Started GET "/en/supplier/business_types" for 127.0.0.1 at 2020-09-21 23:53:47 +0400
Processing by SuppliersController#business_types as JSON
  Parameters: {"locale"=>"en"}
Filter chain halted as :validate_authentication rendered or redirected
Completed 401 Unauthorized in 4ms (Views: 0.2ms | ActiveRecord: 0.0ms)


Started GET "/en/supplier/business_types" for 127.0.0.1 at 2020-09-21 23:54:29 +0400
  [1m[35m (1.1ms)[0m  [1m[34mSELECT "schema_migrations"."version" FROM "schema_migrations" ORDER BY "schema_migrations"."version" ASC[0m
  ↳ /home/buka/.rvm/gems/ruby-2.6.5/gems/activerecord-5.2.1/lib/active_record/log_subscriber.rb:98
Processing by SuppliersController#business_types as JSON
  Parameters: {"locale"=>"en"}
  [1m[36mBusinessType Load (7.8ms)[0m  [1m[34mSELECT "business_types".* FROM "business_types"[0m
  ↳ app/services/suppliers/supplier_helper_service.rb:14
Completed 200 OK in 80ms (Views: 0.8ms | ActiveRecord: 26.2ms)


Started GET "/en/supplier/integration_systems" for 127.0.0.1 at 2020-09-21 23:56:25 +0400
Processing by SuppliersController#integration_systems as JSON
  Parameters: {"locale"=>"en"}
  [1m[36mIntegrationSystem Load (4.6ms)[0m  [1m[34mSELECT "integration_systems".* FROM "integration_systems"[0m
  ↳ app/services/suppliers/supplier_helper_service.rb:18
Completed 200 OK in 65ms (Views: 0.2ms | ActiveRecord: 8.6ms)


  [1m[36mBusinessType Load (0.8ms)[0m  [1m[34mSELECT "business_types".* FROM "business_types"[0m
  [1m[36mBusinessType Load (1.4ms)[0m  [1m[34mSELECT  "business_types".* FROM "business_types" ORDER BY "business_types"."id" DESC LIMIT $1[0m  [["LIMIT", 1]]
  [1m[36mBusinessType Load (0.8ms)[0m  [1m[34mSELECT  "business_types".* FROM "business_types" ORDER BY "business_types"."id" DESC LIMIT $1[0m  [["LIMIT", 1]]
  [1m[36mIntegrationSystem Load (0.9ms)[0m  [1m[34mSELECT  "integration_systems".* FROM "integration_systems" ORDER BY "integration_systems"."id" DESC LIMIT $1[0m  [["LIMIT", 1]]
  [1m[35m (0.5ms)[0m  [1m[34mSELECT pg_try_advisory_lock(2027190067205577435)[0m
  ↳ bin/rails:9
  [1m[35m (0.7ms)[0m  [1m[34mSELECT "schema_migrations"."version" FROM "schema_migrations" ORDER BY "schema_migrations"."version" ASC[0m
  ↳ bin/rails:9
Migrating to AddBusinessTypes (20200921200604)
  [1m[35m (0.2ms)[0m  [1m[35mBEGIN[0m
  ↳ bin/rails:9
  [1m[36mBusinessType Create (4.1ms)[0m  [1m[32mINSERT INTO "business_types" ("name", "id_name") VALUES ($1, $2) RETURNING "id"[0m  [["name", "{\"en\":\"default\",\"no\":\"default\"}"], ["id_name", "general"]]
  ↳ db/migrate/20200921200604_add_business_types.rb:3
  [1m[36mActiveRecord::SchemaMigration Create (0.5ms)[0m  [1m[32mINSERT INTO "schema_migrations" ("version") VALUES ($1) RETURNING "version"[0m  [["version", "20200921200604"]]
  ↳ bin/rails:9
  [1m[35m (1.5ms)[0m  [1m[35mCOMMIT[0m
  ↳ bin/rails:9
Migrating to AddIntegrationSystem (20200921203149)
  [1m[35m (0.3ms)[0m  [1m[35mBEGIN[0m
  ↳ bin/rails:9
  [1m[36mIntegrationSystem Create (1.1ms)[0m  [1m[32mINSERT INTO "integration_systems" ("name") VALUES ($1) RETURNING "id"[0m  [["name", "manual"]]
  ↳ db/migrate/20200921203149_add_integration_system.rb:3
  [1m[36mActiveRecord::SchemaMigration Create (0.5ms)[0m  [1m[32mINSERT INTO "schema_migrations" ("version") VALUES ($1) RETURNING "version"[0m  [["version", "20200921203149"]]
  ↳ bin/rails:9
  [1m[35m (1.0ms)[0m  [1m[35mCOMMIT[0m
  ↳ bin/rails:9
  [1m[36mActiveRecord::InternalMetadata Load (1.8ms)[0m  [1m[34mSELECT  "ar_internal_metadata".* FROM "ar_internal_metadata" WHERE "ar_internal_metadata"."key" = $1 LIMIT $2[0m  [["key", "environment"], ["LIMIT", 1]]
  ↳ bin/rails:9
  [1m[35m (0.4ms)[0m  [1m[35mBEGIN[0m
  ↳ bin/rails:9
  [1m[35m (0.4ms)[0m  [1m[35mCOMMIT[0m
  ↳ bin/rails:9
  [1m[35m (0.5ms)[0m  [1m[34mSELECT pg_advisory_unlock(2027190067205577435)[0m
  ↳ bin/rails:9
  [1m[35m (0.5ms)[0m  [1m[34mSELECT "schema_migrations"."version" FROM "schema_migrations" ORDER BY "schema_migrations"."version" ASC[0m
  ↳ bin/rails:9
  [1m[36mSupplier Load (40.8ms)[0m  [1m[34mSELECT  "suppliers".* FROM "suppliers" ORDER BY "suppliers"."id" DESC LIMIT $1[0m  [["LIMIT", 1]]
